<?xml version="1.0" encoding="UTF-8"?>
<testng-results ignored="0" total="5" passed="5" failed="0" skipped="0">
  <reporter-output>
  </reporter-output>
  <suite started-at="2025-04-07T20:45:02 IST" name="Suite" finished-at="2025-04-07T20:46:26 IST" duration-ms="83177">
    <groups>
      <group name="cucumber">
        <method signature="AbstractTestNGCucumberTests.runScenario(io.cucumber.testng.PickleWrapper,io.cucumber.testng.FeatureWrapper)[pri:0, instance:runner.runnerTestNG@4d5b6aac]" name="runScenario" class="io.cucumber.testng.AbstractTestNGCucumberTests"/>
      </group> <!-- cucumber -->
    </groups>
    <test started-at="2025-04-07T20:45:02 IST" name="Test" finished-at="2025-04-07T20:46:26 IST" duration-ms="83177">
      <class name="runner.runnerTestNG">
        <test-method is-config="true" signature="setUpClass(org.testng.ITestContext)[pri:0, instance:runner.runnerTestNG@4d5b6aac]" started-at="2025-04-07T20:45:02 IST" name="setUpClass" finished-at="2025-04-07T20:45:04 IST" duration-ms="1550" status="PASS">
          <params>
            <param index="0">
              <value>
                <![CDATA[org.testng.TestRunner@18ff753c]]>
              </value>
            </param>
          </params>
          <reporter-output>
          </reporter-output>
        </test-method> <!-- setUpClass -->
        <test-method signature="runScenario(io.cucumber.testng.PickleWrapper,io.cucumber.testng.FeatureWrapper)[pri:0, instance:runner.runnerTestNG@4d5b6aac]" started-at="2025-04-07T20:45:04 IST" name="runScenario" description="Runs Cucumber Scenarios" data-provider="scenarios" finished-at="2025-04-07T20:45:17 IST" duration-ms="13372" status="PASS">
          <params>
            <param index="0">
              <value>
                <![CDATA["Login with valid credentials"]]>
              </value>
            </param>
            <param index="1">
              <value>
                <![CDATA["Login to DemoWebShop Web Application"]]>
              </value>
            </param>
          </params>
          <reporter-output>
          </reporter-output>
        </test-method> <!-- runScenario -->
        <test-method signature="runScenario(io.cucumber.testng.PickleWrapper,io.cucumber.testng.FeatureWrapper)[pri:0, instance:runner.runnerTestNG@4d5b6aac]" started-at="2025-04-07T20:45:17 IST" name="runScenario" description="Runs Cucumber Scenarios" data-provider="scenarios" finished-at="2025-04-07T20:45:26 IST" duration-ms="8203" status="PASS">
          <params>
            <param index="0">
              <value>
                <![CDATA["Login with Invalid credentials"]]>
              </value>
            </param>
            <param index="1">
              <value>
                <![CDATA["Login to DemoWebShop Web Application"]]>
              </value>
            </param>
          </params>
          <reporter-output>
          </reporter-output>
        </test-method> <!-- runScenario -->
        <test-method signature="runScenario(io.cucumber.testng.PickleWrapper,io.cucumber.testng.FeatureWrapper)[pri:0, instance:runner.runnerTestNG@4d5b6aac]" started-at="2025-04-07T20:45:26 IST" name="runScenario" description="Runs Cucumber Scenarios" data-provider="scenarios" finished-at="2025-04-07T20:45:35 IST" duration-ms="9332" status="PASS">
          <params>
            <param index="0">
              <value>
                <![CDATA["Sign up for the newsletter"]]>
              </value>
            </param>
            <param index="1">
              <value>
                <![CDATA["Sign Up for Newsletter"]]>
              </value>
            </param>
          </params>
          <reporter-output>
          </reporter-output>
        </test-method> <!-- runScenario -->
        <test-method signature="runScenario(io.cucumber.testng.PickleWrapper,io.cucumber.testng.FeatureWrapper)[pri:0, instance:runner.runnerTestNG@4d5b6aac]" started-at="2025-04-07T20:45:35 IST" name="runScenario" description="Runs Cucumber Scenarios" data-provider="scenarios" finished-at="2025-04-07T20:45:49 IST" duration-ms="14442" status="PASS">
          <params>
            <param index="0">
              <value>
                <![CDATA["Sign up with invalid email"]]>
              </value>
            </param>
            <param index="1">
              <value>
                <![CDATA["Sign Up for Newsletter"]]>
              </value>
            </param>
          </params>
          <reporter-output>
          </reporter-output>
        </test-method> <!-- runScenario -->
        <test-method signature="runScenario(io.cucumber.testng.PickleWrapper,io.cucumber.testng.FeatureWrapper)[pri:0, instance:runner.runnerTestNG@4d5b6aac]" started-at="2025-04-07T20:45:49 IST" name="runScenario" description="Runs Cucumber Scenarios" data-provider="scenarios" finished-at="2025-04-07T20:46:23 IST" duration-ms="33390" status="PASS">
          <params>
            <param index="0">
              <value>
                <![CDATA["Purchasing a product from the store using Excel data"]]>
              </value>
            </param>
            <param index="1">
              <value>
                <![CDATA["Purchasing a Product in DemoWebShop"]]>
              </value>
            </param>
          </params>
          <reporter-output>
          </reporter-output>
        </test-method> <!-- runScenario -->
        <test-method is-config="true" signature="tearDownClass()[pri:0, instance:runner.runnerTestNG@4d5b6aac]" started-at="2025-04-07T20:46:23 IST" name="tearDownClass" finished-at="2025-04-07T20:46:26 IST" duration-ms="2752" status="PASS">
          <reporter-output>
          </reporter-output>
        </test-method> <!-- tearDownClass -->
      </class> <!-- runner.runnerTestNG -->
    </test> <!-- Test -->
  </suite> <!-- Suite -->
</testng-results>
